----------------------------------------------------------------
2010-02-07 15:43:58.674 GMT:
 Booting Derby version The Apache Software Foundation - Apache Derby - 10.5.3.0 - (802917): instance a816c00e-0126-a919-ffec-00000401fb00
on database directory /home/mathias/projects/mediahub/bundles/image/target/jcr/version/db  

Database Class Loader started - derby.database.classpath=''
----------------------------------------------------------------
2010-02-07 15:43:59.536 GMT:
 Booting Derby version The Apache Software Foundation - Apache Derby - 10.5.3.0 - (802917): instance e0b94027-0126-a919-ffec-00000401fb00
on database directory /home/mathias/projects/mediahub/bundles/image/target/jcr/workspaces/default/db  

Database Class Loader started - derby.database.classpath=''
----------------------------------------------------------------
2010-02-07 15:44:00.630 GMT:
 Booting Derby version The Apache Software Foundation - Apache Derby - 10.5.3.0 - (802917): instance ea5bc046-0126-a919-ffec-00000401fb00
on database directory /home/mathias/projects/mediahub/bundles/image/target/jcr/workspaces/security/db  

Database Class Loader started - derby.database.classpath=''

2010-02-07 15:44:02.229 GMT:
Shutting down instance e0b94027-0126-a919-ffec-00000401fb00
----------------------------------------------------------------

2010-02-07 15:44:02.239 GMT:
Shutting down instance ea5bc046-0126-a919-ffec-00000401fb00
----------------------------------------------------------------

2010-02-07 15:44:02.243 GMT:
Shutting down instance a816c00e-0126-a919-ffec-00000401fb00
----------------------------------------------------------------
----------------------------------------------------------------
2010-02-07 15:44:02.440 GMT:
 Booting Derby version The Apache Software Foundation - Apache Derby - 10.5.3.0 - (802917): instance 2589c06b-0126-a919-ffec-00000401fb00
on database directory /home/mathias/projects/mediahub/bundles/image/target/jcr/version/db  

Database Class Loader started - derby.database.classpath=''
----------------------------------------------------------------
2010-02-07 15:44:02.681 GMT:
 Booting Derby version The Apache Software Foundation - Apache Derby - 10.5.3.0 - (802917): instance e0718084-0126-a919-ffec-00000401fb00
on database directory /home/mathias/projects/mediahub/bundles/image/target/jcr/workspaces/default/db  

Database Class Loader started - derby.database.classpath=''
----------------------------------------------------------------
2010-02-07 15:44:03.129 GMT:
 Booting Derby version The Apache Software Foundation - Apache Derby - 10.5.3.0 - (802917): instance cbf5809d-0126-a919-ffec-00000401fb00
on database directory /home/mathias/projects/mediahub/bundles/image/target/jcr/workspaces/security/db  

Database Class Loader started - derby.database.classpath=''

2010-02-07 15:44:03.327 GMT:
Shutting down instance e0718084-0126-a919-ffec-00000401fb00
----------------------------------------------------------------

2010-02-07 15:44:03.368 GMT:
Shutting down instance cbf5809d-0126-a919-ffec-00000401fb00
----------------------------------------------------------------

2010-02-07 15:44:03.399 GMT:
Shutting down instance 2589c06b-0126-a919-ffec-00000401fb00
----------------------------------------------------------------
----------------------------------------------------------------
2010-02-07 15:44:03.619 GMT:
 Booting Derby version The Apache Software Foundation - Apache Derby - 10.5.3.0 - (802917): instance 292a80bc-0126-a919-ffec-00000401fb00
on database directory /home/mathias/projects/mediahub/bundles/image/target/jcr/version/db  

Database Class Loader started - derby.database.classpath=''
----------------------------------------------------------------
2010-02-07 15:44:03.794 GMT:
 Booting Derby version The Apache Software Foundation - Apache Derby - 10.5.3.0 - (802917): instance 560c80d5-0126-a919-ffec-00000401fb00
on database directory /home/mathias/projects/mediahub/bundles/image/target/jcr/workspaces/default/db  

Database Class Loader started - derby.database.classpath=''
----------------------------------------------------------------
2010-02-07 15:44:04.110 GMT:
 Booting Derby version The Apache Software Foundation - Apache Derby - 10.5.3.0 - (802917): instance c38ac0ee-0126-a919-ffec-00000401fb00
on database directory /home/mathias/projects/mediahub/bundles/image/target/jcr/workspaces/security/db  

Database Class Loader started - derby.database.classpath=''

2010-02-07 15:44:04.249 GMT:
Shutting down instance 560c80d5-0126-a919-ffec-00000401fb00
----------------------------------------------------------------

2010-02-07 15:44:04.253 GMT:
Shutting down instance c38ac0ee-0126-a919-ffec-00000401fb00
----------------------------------------------------------------

2010-02-07 15:44:04.257 GMT:
Shutting down instance 292a80bc-0126-a919-ffec-00000401fb00
----------------------------------------------------------------
----------------------------------------------------------------
2010-02-07 15:44:04.453 GMT:
 Booting Derby version The Apache Software Foundation - Apache Derby - 10.5.3.0 - (802917): instance 01a54107-0126-a919-ffec-00000401fb00
on database directory /home/mathias/projects/mediahub/bundles/image/target/jcr/version/db  

Database Class Loader started - derby.database.classpath=''
----------------------------------------------------------------
2010-02-07 15:44:04.619 GMT:
 Booting Derby version The Apache Software Foundation - Apache Derby - 10.5.3.0 - (802917): instance a05c0120-0126-a919-ffec-00000401fb00
on database directory /home/mathias/projects/mediahub/bundles/image/target/jcr/workspaces/default/db  

Database Class Loader started - derby.database.classpath=''
----------------------------------------------------------------
2010-02-07 15:44:04.869 GMT:
 Booting Derby version The Apache Software Foundation - Apache Derby - 10.5.3.0 - (802917): instance 2faf0139-0126-a919-ffec-00000401fb00
on database directory /home/mathias/projects/mediahub/bundles/image/target/jcr/workspaces/security/db  

Database Class Loader started - derby.database.classpath=''

2010-02-07 15:44:04.961 GMT:
Shutting down instance a05c0120-0126-a919-ffec-00000401fb00
----------------------------------------------------------------

2010-02-07 15:44:04.967 GMT:
Shutting down instance 2faf0139-0126-a919-ffec-00000401fb00
----------------------------------------------------------------

2010-02-07 15:44:04.970 GMT:
Shutting down instance 01a54107-0126-a919-ffec-00000401fb00
----------------------------------------------------------------
----------------------------------------------------------------
2010-02-07 15:44:05.118 GMT:
 Booting Derby version The Apache Software Foundation - Apache Derby - 10.5.3.0 - (802917): instance 3f9e4152-0126-a919-ffec-00000401fb00
on database directory /home/mathias/projects/mediahub/bundles/image/target/jcr/version/db  

Database Class Loader started - derby.database.classpath=''
----------------------------------------------------------------
2010-02-07 15:44:05.335 GMT:
 Booting Derby version The Apache Software Foundation - Apache Derby - 10.5.3.0 - (802917): instance 6029c16b-0126-a919-ffec-00000401fb00
on database directory /home/mathias/projects/mediahub/bundles/image/target/jcr/workspaces/default/db  

Database Class Loader started - derby.database.classpath=''
----------------------------------------------------------------
2010-02-07 15:44:05.609 GMT:
 Booting Derby version The Apache Software Foundation - Apache Derby - 10.5.3.0 - (802917): instance 21518184-0126-a919-ffec-00000401fb00
on database directory /home/mathias/projects/mediahub/bundles/image/target/jcr/workspaces/security/db  

Database Class Loader started - derby.database.classpath=''

2010-02-07 15:44:05.683 GMT:
Shutting down instance 6029c16b-0126-a919-ffec-00000401fb00
----------------------------------------------------------------

2010-02-07 15:44:05.686 GMT:
Shutting down instance 21518184-0126-a919-ffec-00000401fb00
----------------------------------------------------------------

2010-02-07 15:44:05.690 GMT:
Shutting down instance 3f9e4152-0126-a919-ffec-00000401fb00
----------------------------------------------------------------
----------------------------------------------------------------
2010-02-07 15:44:05.900 GMT:
 Booting Derby version The Apache Software Foundation - Apache Derby - 10.5.3.0 - (802917): instance 1315819d-0126-a919-ffec-00000401fb00
on database directory /home/mathias/projects/mediahub/bundles/image/target/jcr/version/db  

Database Class Loader started - derby.database.classpath=''
----------------------------------------------------------------
2010-02-07 15:44:06.068 GMT:
 Booting Derby version The Apache Software Foundation - Apache Derby - 10.5.3.0 - (802917): instance c575c1b6-0126-a919-ffec-00000401fb00
on database directory /home/mathias/projects/mediahub/bundles/image/target/jcr/workspaces/default/db  

Database Class Loader started - derby.database.classpath=''
----------------------------------------------------------------
2010-02-07 15:44:06.301 GMT:
 Booting Derby version The Apache Software Foundation - Apache Derby - 10.5.3.0 - (802917): instance c87241cf-0126-a919-ffec-00000401fb00
on database directory /home/mathias/projects/mediahub/bundles/image/target/jcr/workspaces/security/db  

Database Class Loader started - derby.database.classpath=''

2010-02-07 15:44:06.416 GMT:
Shutting down instance c575c1b6-0126-a919-ffec-00000401fb00
----------------------------------------------------------------

2010-02-07 15:44:06.420 GMT:
Shutting down instance c87241cf-0126-a919-ffec-00000401fb00
----------------------------------------------------------------

2010-02-07 15:44:06.423 GMT:
Shutting down instance 1315819d-0126-a919-ffec-00000401fb00
----------------------------------------------------------------
----------------------------------------------------------------
2010-02-07 15:44:06.643 GMT:
 Booting Derby version The Apache Software Foundation - Apache Derby - 10.5.3.0 - (802917): instance ac0b01e8-0126-a919-ffec-00000401fb00
on database directory /home/mathias/projects/mediahub/bundles/image/target/jcr/version/db  

Database Class Loader started - derby.database.classpath=''
----------------------------------------------------------------
2010-02-07 15:44:06.809 GMT:
 Booting Derby version The Apache Software Foundation - Apache Derby - 10.5.3.0 - (802917): instance 00400201-0126-a919-ffec-00000401fb00
on database directory /home/mathias/projects/mediahub/bundles/image/target/jcr/workspaces/default/db  

Database Class Loader started - derby.database.classpath=''
----------------------------------------------------------------
2010-02-07 15:44:07.042 GMT:
 Booting Derby version The Apache Software Foundation - Apache Derby - 10.5.3.0 - (802917): instance 5511421a-0126-a919-ffec-00000401fb00
on database directory /home/mathias/projects/mediahub/bundles/image/target/jcr/workspaces/security/db  

Database Class Loader started - derby.database.classpath=''

2010-02-07 15:44:07.269 GMT:
Shutting down instance 00400201-0126-a919-ffec-00000401fb00
----------------------------------------------------------------

2010-02-07 15:44:07.273 GMT:
Shutting down instance 5511421a-0126-a919-ffec-00000401fb00
----------------------------------------------------------------

2010-02-07 15:44:07.279 GMT:
Shutting down instance ac0b01e8-0126-a919-ffec-00000401fb00
----------------------------------------------------------------
----------------------------------------------------------------
2010-02-07 15:44:07.499 GMT:
 Booting Derby version The Apache Software Foundation - Apache Derby - 10.5.3.0 - (802917): instance b77a823c-0126-a919-ffec-00000401fb00
on database directory /home/mathias/projects/mediahub/bundles/image/target/jcr/version/db  

Database Class Loader started - derby.database.classpath=''
----------------------------------------------------------------
2010-02-07 15:44:07.726 GMT:
 Booting Derby version The Apache Software Foundation - Apache Derby - 10.5.3.0 - (802917): instance edbc8255-0126-a919-ffec-00000401fb00
on database directory /home/mathias/projects/mediahub/bundles/image/target/jcr/workspaces/default/db  

Database Class Loader started - derby.database.classpath=''
----------------------------------------------------------------
2010-02-07 15:44:08.025 GMT:
 Booting Derby version The Apache Software Foundation - Apache Derby - 10.5.3.0 - (802917): instance 649ac26e-0126-a919-ffec-00000401fb00
on database directory /home/mathias/projects/mediahub/bundles/image/target/jcr/workspaces/security/db  

Database Class Loader started - derby.database.classpath=''

2010-02-07 15:44:08.258 GMT:
Shutting down instance edbc8255-0126-a919-ffec-00000401fb00
----------------------------------------------------------------

2010-02-07 15:44:08.261 GMT:
Shutting down instance 649ac26e-0126-a919-ffec-00000401fb00
----------------------------------------------------------------

2010-02-07 15:44:08.266 GMT:
Shutting down instance b77a823c-0126-a919-ffec-00000401fb00
----------------------------------------------------------------
----------------------------------------------------------------
2010-02-07 15:44:08.548 GMT:
 Booting Derby version The Apache Software Foundation - Apache Derby - 10.5.3.0 - (802917): instance c9ce0290-0126-a919-ffec-00000401fb00
on database directory /home/mathias/projects/mediahub/bundles/image/target/jcr/version/db  

Database Class Loader started - derby.database.classpath=''
----------------------------------------------------------------
2010-02-07 15:44:08.715 GMT:
 Booting Derby version The Apache Software Foundation - Apache Derby - 10.5.3.0 - (802917): instance e21d02a9-0126-a919-ffec-00000401fb00
on database directory /home/mathias/projects/mediahub/bundles/image/target/jcr/workspaces/default/db  

Database Class Loader started - derby.database.classpath=''
----------------------------------------------------------------
2010-02-07 15:44:08.923 GMT:
 Booting Derby version The Apache Software Foundation - Apache Derby - 10.5.3.0 - (802917): instance 7b0842c2-0126-a919-ffec-00000401fb00
on database directory /home/mathias/projects/mediahub/bundles/image/target/jcr/workspaces/security/db  

Database Class Loader started - derby.database.classpath=''

2010-02-07 15:44:09.005 GMT:
Shutting down instance e21d02a9-0126-a919-ffec-00000401fb00
----------------------------------------------------------------

2010-02-07 15:44:09.032 GMT:
Shutting down instance 7b0842c2-0126-a919-ffec-00000401fb00
----------------------------------------------------------------

2010-02-07 15:44:09.035 GMT:
Shutting down instance c9ce0290-0126-a919-ffec-00000401fb00
----------------------------------------------------------------
